Arguments: 
  C:\Program Files\nodejs\node.exe C:\Users\codecamp_10\AppData\Roaming\npm\node_modules\yarn\bin\yarn.js add -D webpack webpack-cli webpack-dev-server

PATH: 
  C:\Program Files\Git\mingw64\bin;C:\Program Files\Git\usr\bin;C:\Users\codecamp_10\bin;C:\WINDOWS\system32;C:\WINDOWS;C:\WINDOWS\System32\Wbem;C:\WINDOWS\System32\WindowsPowerShell\v1.0;C:\WINDOWS\System32\OpenSSH;C:\Program Files\nodejs;C:\Program Files\Git\cmd;C:\Users\codecamp_10\AppData\Local\Microsoft\WindowsApps;C:\Users\codecamp_10\AppData\Local\Programs\Microsoft VS Code\bin;C:\Users\codecamp_10\AppData\Roaming\npm;C:\Program Files\heroku\bin;C:\Program Files\JetBrains\WebStorm 2019.3.1\bin

Yarn version: 
  1.19.2

Node version: 
  10.16.3

Platform: 
  win32 x64

Trace: 
  SyntaxError: C:\Users\codecamp_10\Desktop\Nargiz\simple\package.json: Unexpected token / in JSON at position 101
      at JSON.parse (<anonymous>)
      at C:\Users\codecamp_10\AppData\Roaming\npm\node_modules\yarn\lib\cli.js:1625:59
      at Generator.next (<anonymous>)
      at step (C:\Users\codecamp_10\AppData\Roaming\npm\node_modules\yarn\lib\cli.js:304:30)
      at C:\Users\codecamp_10\AppData\Roaming\npm\node_modules\yarn\lib\cli.js:315:13

npm manifest: 
  {
    "name": "simple",
    "version": "1.0.0",
    "description": "",
    "main": "index.js",
    "scripts": {//script avtomatlashdirir
      "test": "echo \"Error: no test specified\" && exit 1"
    },
    "author": "",
    "license": "ISC"
  }

yarn manifest: 
  No manifest

Lockfile: 
  No lockfile
